Performing C SOURCE FILE Test FLAG_C_MISSING_VARIABLE_DECLARATIONS failed with the following output:
Change Dir: /home/yo/packaging/dolphin/dolphin-5.0/build/CMakeFiles/CMakeTmp

Run Build Command:"/usr/bin/make" "cmTC_b2af7/fast"
/usr/bin/make -f CMakeFiles/cmTC_b2af7.dir/build.make CMakeFiles/cmTC_b2af7.dir/build
make[1]: Entering directory '/home/yo/packaging/dolphin/dolphin-5.0/build/CMakeFiles/CMakeTmp'
Building C object CMakeFiles/cmTC_b2af7.dir/src.c.o
/usr/bin/cc   -DFLAG_C_MISSING_VARIABLE_DECLARATIONS   -Wmissing-variable-declarations -o CMakeFiles/cmTC_b2af7.dir/src.c.o   -c /home/yo/packaging/dolphin/dolphin-5.0/build/CMakeFiles/CMakeTmp/src.c
cc: error: unrecognized command line option '-Wmissing-variable-declarations'; did you mean '-Wmissing-declarations'?
CMakeFiles/cmTC_b2af7.dir/build.make:65: recipe for target 'CMakeFiles/cmTC_b2af7.dir/src.c.o' failed
make[1]: *** [CMakeFiles/cmTC_b2af7.dir/src.c.o] Error 1
make[1]: Leaving directory '/home/yo/packaging/dolphin/dolphin-5.0/build/CMakeFiles/CMakeTmp'
Makefile:126: recipe for target 'cmTC_b2af7/fast' failed
make: *** [cmTC_b2af7/fast] Error 2

Source file was:
int main(void) { return 0; }
Performing C++ SOURCE FILE Test FLAG_CXX_MISSING_VARIABLE_DECLARATIONS failed with the following output:
Change Dir: /home/yo/packaging/dolphin/dolphin-5.0/build/CMakeFiles/CMakeTmp

Run Build Command:"/usr/bin/make" "cmTC_9392f/fast"
/usr/bin/make -f CMakeFiles/cmTC_9392f.dir/build.make CMakeFiles/cmTC_9392f.dir/build
make[1]: Entering directory '/home/yo/packaging/dolphin/dolphin-5.0/build/CMakeFiles/CMakeTmp'
Building CXX object CMakeFiles/cmTC_9392f.dir/src.cxx.o
/usr/bin/c++    -DFLAG_CXX_MISSING_VARIABLE_DECLARATIONS   -Wmissing-variable-declarations -o CMakeFiles/cmTC_9392f.dir/src.cxx.o -c /home/yo/packaging/dolphin/dolphin-5.0/build/CMakeFiles/CMakeTmp/src.cxx
c++: error: unrecognized command line option '-Wmissing-variable-declarations'; did you mean '-Wmissing-declarations'?
CMakeFiles/cmTC_9392f.dir/build.make:65: recipe for target 'CMakeFiles/cmTC_9392f.dir/src.cxx.o' failed
make[1]: *** [CMakeFiles/cmTC_9392f.dir/src.cxx.o] Error 1
make[1]: Leaving directory '/home/yo/packaging/dolphin/dolphin-5.0/build/CMakeFiles/CMakeTmp'
Makefile:126: recipe for target 'cmTC_9392f/fast' failed
make: *** [cmTC_9392f/fast] Error 2

Source file was:
int main() { return 0; }
Performing C SOURCE FILE Test FLAG_C_VISIBILITY_INLINES_HIDDEN failed with the following output:
Change Dir: /home/yo/packaging/dolphin/dolphin-5.0/build/CMakeFiles/CMakeTmp

Run Build Command:"/usr/bin/make" "cmTC_0aee3/fast"
/usr/bin/make -f CMakeFiles/cmTC_0aee3.dir/build.make CMakeFiles/cmTC_0aee3.dir/build
make[1]: Entering directory '/home/yo/packaging/dolphin/dolphin-5.0/build/CMakeFiles/CMakeTmp'
Building C object CMakeFiles/cmTC_0aee3.dir/src.c.o
/usr/bin/cc   -DFLAG_C_VISIBILITY_INLINES_HIDDEN   -fvisibility-inlines-hidden -o CMakeFiles/cmTC_0aee3.dir/src.c.o   -c /home/yo/packaging/dolphin/dolphin-5.0/build/CMakeFiles/CMakeTmp/src.c
cc1: warning: command line option '-fvisibility-inlines-hidden' is valid for C++/ObjC++ but not for C
Linking C executable cmTC_0aee3
/usr/bin/cmake -E cmake_link_script CMakeFiles/cmTC_0aee3.dir/link.txt --verbose=1
/usr/bin/cc  -DFLAG_C_VISIBILITY_INLINES_HIDDEN    CMakeFiles/cmTC_0aee3.dir/src.c.o  -o cmTC_0aee3 
make[1]: Leaving directory '/home/yo/packaging/dolphin/dolphin-5.0/build/CMakeFiles/CMakeTmp'

Source file was:
int main(void) { return 0; }
Determining if the pthread_create exist failed with the following output:
Change Dir: /home/yo/packaging/dolphin/dolphin-5.0/build/CMakeFiles/CMakeTmp

Run Build Command:"/usr/bin/make" "cmTC_bae98/fast"
/usr/bin/make -f CMakeFiles/cmTC_bae98.dir/build.make CMakeFiles/cmTC_bae98.dir/build
make[1]: Entering directory '/home/yo/packaging/dolphin/dolphin-5.0/build/CMakeFiles/CMakeTmp'
Building C object CMakeFiles/cmTC_bae98.dir/CheckSymbolExists.c.o
/usr/bin/cc    -o CMakeFiles/cmTC_bae98.dir/CheckSymbolExists.c.o   -c /home/yo/packaging/dolphin/dolphin-5.0/build/CMakeFiles/CMakeTmp/CheckSymbolExists.c
Linking C executable cmTC_bae98
/usr/bin/cmake -E cmake_link_script CMakeFiles/cmTC_bae98.dir/link.txt --verbose=1
/usr/bin/cc      CMakeFiles/cmTC_bae98.dir/CheckSymbolExists.c.o  -o cmTC_bae98 
CMakeFiles/cmTC_bae98.dir/CheckSymbolExists.c.o: In function `main':
CheckSymbolExists.c:(.text+0x1b): undefined reference to `pthread_create'
collect2: error: ld returned 1 exit status
CMakeFiles/cmTC_bae98.dir/build.make:97: recipe for target 'cmTC_bae98' failed
make[1]: *** [cmTC_bae98] Error 1
make[1]: Leaving directory '/home/yo/packaging/dolphin/dolphin-5.0/build/CMakeFiles/CMakeTmp'
Makefile:126: recipe for target 'cmTC_bae98/fast' failed
make: *** [cmTC_bae98/fast] Error 2

File /home/yo/packaging/dolphin/dolphin-5.0/build/CMakeFiles/CMakeTmp/CheckSymbolExists.c:
/* */
#include <pthread.h>

int main(int argc, char** argv)
{
  (void)argv;
#ifndef pthread_create
  return ((int*)(&pthread_create))[argc];
#else
  (void)argc;
  return 0;
#endif
}

Determining if the function pthread_create exists in the pthreads failed with the following output:
Change Dir: /home/yo/packaging/dolphin/dolphin-5.0/build/CMakeFiles/CMakeTmp

Run Build Command:"/usr/bin/make" "cmTC_028f5/fast"
/usr/bin/make -f CMakeFiles/cmTC_028f5.dir/build.make CMakeFiles/cmTC_028f5.dir/build
make[1]: Entering directory '/home/yo/packaging/dolphin/dolphin-5.0/build/CMakeFiles/CMakeTmp'
Building C object CMakeFiles/cmTC_028f5.dir/CheckFunctionExists.c.o
/usr/bin/cc   -DCHECK_FUNCTION_EXISTS=pthread_create   -o CMakeFiles/cmTC_028f5.dir/CheckFunctionExists.c.o   -c /usr/share/cmake-3.10/Modules/CheckFunctionExists.c
Linking C executable cmTC_028f5
/usr/bin/cmake -E cmake_link_script CMakeFiles/cmTC_028f5.dir/link.txt --verbose=1
/usr/bin/cc  -DCHECK_FUNCTION_EXISTS=pthread_create    CMakeFiles/cmTC_028f5.dir/CheckFunctionExists.c.o  -o cmTC_028f5 -lpthreads 
/usr/bin/ld: cannot find -lpthreads
collect2: error: ld returned 1 exit status
CMakeFiles/cmTC_028f5.dir/build.make:97: recipe for target 'cmTC_028f5' failed
make[1]: *** [cmTC_028f5] Error 1
make[1]: Leaving directory '/home/yo/packaging/dolphin/dolphin-5.0/build/CMakeFiles/CMakeTmp'
Makefile:126: recipe for target 'cmTC_028f5/fast' failed
make: *** [cmTC_028f5/fast] Error 2


Performing C SOURCE FILE Test FLAG_C_CXX11 failed with the following output:
Change Dir: /home/yo/packaging/dolphin/dolphin-5.0/build/CMakeFiles/CMakeTmp

Run Build Command:"/usr/bin/make" "cmTC_f57f4/fast"
/usr/bin/make -f CMakeFiles/cmTC_f57f4.dir/build.make CMakeFiles/cmTC_f57f4.dir/build
make[1]: Entering directory '/home/yo/packaging/dolphin/dolphin-5.0/build/CMakeFiles/CMakeTmp'
Building C object CMakeFiles/cmTC_f57f4.dir/src.c.o
/usr/bin/cc   -DFLAG_C_CXX11   -std=c++11 -o CMakeFiles/cmTC_f57f4.dir/src.c.o   -c /home/yo/packaging/dolphin/dolphin-5.0/build/CMakeFiles/CMakeTmp/src.c
cc1: warning: command line option '-std=c++11' is valid for C++/ObjC++ but not for C
Linking C executable cmTC_f57f4
/usr/bin/cmake -E cmake_link_script CMakeFiles/cmTC_f57f4.dir/link.txt --verbose=1
/usr/bin/cc  -DFLAG_C_CXX11    CMakeFiles/cmTC_f57f4.dir/src.c.o  -o cmTC_f57f4 
make[1]: Leaving directory '/home/yo/packaging/dolphin/dolphin-5.0/build/CMakeFiles/CMakeTmp'

Source file was:
int main(void) { return 0; }
Determining if the strtod_l exist failed with the following output:
Change Dir: /home/yo/packaging/dolphin/dolphin-5.0/build/CMakeFiles/CMakeTmp

Run Build Command:"/usr/bin/make" "cmTC_cc692/fast"
/usr/bin/make -f CMakeFiles/cmTC_cc692.dir/build.make CMakeFiles/cmTC_cc692.dir/build
make[1]: Entering directory '/home/yo/packaging/dolphin/dolphin-5.0/build/CMakeFiles/CMakeTmp'
Building C object CMakeFiles/cmTC_cc692.dir/CheckSymbolExists.c.o
/usr/bin/cc    -o CMakeFiles/cmTC_cc692.dir/CheckSymbolExists.c.o   -c /home/yo/packaging/dolphin/dolphin-5.0/build/CMakeFiles/CMakeTmp/CheckSymbolExists.c
/home/yo/packaging/dolphin/dolphin-5.0/build/CMakeFiles/CMakeTmp/CheckSymbolExists.c: In function ‘main’:
/home/yo/packaging/dolphin/dolphin-5.0/build/CMakeFiles/CMakeTmp/CheckSymbolExists.c:8:19: error: ‘strtod_l’ undeclared (first use in this function); did you mean ‘strtoull’?
   return ((int*)(&strtod_l))[argc];
                   ^~~~~~~~
                   strtoull
/home/yo/packaging/dolphin/dolphin-5.0/build/CMakeFiles/CMakeTmp/CheckSymbolExists.c:8:19: note: each undeclared identifier is reported only once for each function it appears in
CMakeFiles/cmTC_cc692.dir/build.make:65: recipe for target 'CMakeFiles/cmTC_cc692.dir/CheckSymbolExists.c.o' failed
make[1]: *** [CMakeFiles/cmTC_cc692.dir/CheckSymbolExists.c.o] Error 1
make[1]: Leaving directory '/home/yo/packaging/dolphin/dolphin-5.0/build/CMakeFiles/CMakeTmp'
Makefile:126: recipe for target 'cmTC_cc692/fast' failed
make: *** [cmTC_cc692/fast] Error 2

File /home/yo/packaging/dolphin/dolphin-5.0/build/CMakeFiles/CMakeTmp/CheckSymbolExists.c:
/* */
#include <stdlib.h>

int main(int argc, char** argv)
{
  (void)argv;
#ifndef strtod_l
  return ((int*)(&strtod_l))[argc];
#else
  (void)argc;
  return 0;
#endif
}

Determining if files AudioUnit/AudioUnit.h exist failed with the following output:
Change Dir: /home/yo/packaging/dolphin/dolphin-5.0/build/CMakeFiles/CMakeTmp

Run Build Command:"/usr/bin/make" "cmTC_12bbb/fast"
/usr/bin/make -f CMakeFiles/cmTC_12bbb.dir/build.make CMakeFiles/cmTC_12bbb.dir/build
make[1]: Entering directory '/home/yo/packaging/dolphin/dolphin-5.0/build/CMakeFiles/CMakeTmp'
Building C object CMakeFiles/cmTC_12bbb.dir/CheckIncludeFiles.c.o
/usr/bin/cc   -Wall -Wextra -Wno-unused-parameter    -o CMakeFiles/cmTC_12bbb.dir/CheckIncludeFiles.c.o   -c /home/yo/packaging/dolphin/dolphin-5.0/build/CMakeFiles/CMakeTmp/CheckIncludeFiles.c
/home/yo/packaging/dolphin/dolphin-5.0/build/CMakeFiles/CMakeTmp/CheckIncludeFiles.c:2:10: fatal error: AudioUnit/AudioUnit.h: No such file or directory
 #include <AudioUnit/AudioUnit.h>
          ^~~~~~~~~~~~~~~~~~~~~~~
compilation terminated.
CMakeFiles/cmTC_12bbb.dir/build.make:65: recipe for target 'CMakeFiles/cmTC_12bbb.dir/CheckIncludeFiles.c.o' failed
make[1]: *** [CMakeFiles/cmTC_12bbb.dir/CheckIncludeFiles.c.o] Error 1
make[1]: Leaving directory '/home/yo/packaging/dolphin/dolphin-5.0/build/CMakeFiles/CMakeTmp'
Makefile:126: recipe for target 'cmTC_12bbb/fast' failed
make: *** [cmTC_12bbb/fast] Error 2

Source:
/* */
#include <AudioUnit/AudioUnit.h>


int main(void){return 0;}

Determining if files audioclient.h exist failed with the following output:
Change Dir: /home/yo/packaging/dolphin/dolphin-5.0/build/CMakeFiles/CMakeTmp

Run Build Command:"/usr/bin/make" "cmTC_ae534/fast"
/usr/bin/make -f CMakeFiles/cmTC_ae534.dir/build.make CMakeFiles/cmTC_ae534.dir/build
make[1]: Entering directory '/home/yo/packaging/dolphin/dolphin-5.0/build/CMakeFiles/CMakeTmp'
Building C object CMakeFiles/cmTC_ae534.dir/CheckIncludeFiles.c.o
/usr/bin/cc   -Wall -Wextra -Wno-unused-parameter    -o CMakeFiles/cmTC_ae534.dir/CheckIncludeFiles.c.o   -c /home/yo/packaging/dolphin/dolphin-5.0/build/CMakeFiles/CMakeTmp/CheckIncludeFiles.c
/home/yo/packaging/dolphin/dolphin-5.0/build/CMakeFiles/CMakeTmp/CheckIncludeFiles.c:2:10: fatal error: audioclient.h: No such file or directory
 #include <audioclient.h>
          ^~~~~~~~~~~~~~~
compilation terminated.
CMakeFiles/cmTC_ae534.dir/build.make:65: recipe for target 'CMakeFiles/cmTC_ae534.dir/CheckIncludeFiles.c.o' failed
make[1]: *** [CMakeFiles/cmTC_ae534.dir/CheckIncludeFiles.c.o] Error 1
make[1]: Leaving directory '/home/yo/packaging/dolphin/dolphin-5.0/build/CMakeFiles/CMakeTmp'
Makefile:126: recipe for target 'cmTC_ae534/fast' failed
make: *** [cmTC_ae534/fast] Error 2

Source:
/* */
#include <audioclient.h>


int main(void){return 0;}

Determining if files windows.h;mmsystem.h exist failed with the following output:
Change Dir: /home/yo/packaging/dolphin/dolphin-5.0/build/CMakeFiles/CMakeTmp

Run Build Command:"/usr/bin/make" "cmTC_d30ca/fast"
/usr/bin/make -f CMakeFiles/cmTC_d30ca.dir/build.make CMakeFiles/cmTC_d30ca.dir/build
make[1]: Entering directory '/home/yo/packaging/dolphin/dolphin-5.0/build/CMakeFiles/CMakeTmp'
Building C object CMakeFiles/cmTC_d30ca.dir/CheckIncludeFiles.c.o
/usr/bin/cc   -Wall -Wextra -Wno-unused-parameter    -o CMakeFiles/cmTC_d30ca.dir/CheckIncludeFiles.c.o   -c /home/yo/packaging/dolphin/dolphin-5.0/build/CMakeFiles/CMakeTmp/CheckIncludeFiles.c
/home/yo/packaging/dolphin/dolphin-5.0/build/CMakeFiles/CMakeTmp/CheckIncludeFiles.c:2:10: fatal error: windows.h: No such file or directory
 #include <windows.h>
          ^~~~~~~~~~~
compilation terminated.
CMakeFiles/cmTC_d30ca.dir/build.make:65: recipe for target 'CMakeFiles/cmTC_d30ca.dir/CheckIncludeFiles.c.o' failed
make[1]: *** [CMakeFiles/cmTC_d30ca.dir/CheckIncludeFiles.c.o] Error 1
make[1]: Leaving directory '/home/yo/packaging/dolphin/dolphin-5.0/build/CMakeFiles/CMakeTmp'
Makefile:126: recipe for target 'cmTC_d30ca/fast' failed
make: *** [cmTC_d30ca/fast] Error 2

Source:
/* */
#include <windows.h>
#include <mmsystem.h>


int main(void){return 0;}

Determining if files SLES/OpenSLES.h exist failed with the following output:
Change Dir: /home/yo/packaging/dolphin/dolphin-5.0/build/CMakeFiles/CMakeTmp

Run Build Command:"/usr/bin/make" "cmTC_75749/fast"
/usr/bin/make -f CMakeFiles/cmTC_75749.dir/build.make CMakeFiles/cmTC_75749.dir/build
make[1]: Entering directory '/home/yo/packaging/dolphin/dolphin-5.0/build/CMakeFiles/CMakeTmp'
Building C object CMakeFiles/cmTC_75749.dir/CheckIncludeFiles.c.o
/usr/bin/cc   -Wall -Wextra -Wno-unused-parameter    -o CMakeFiles/cmTC_75749.dir/CheckIncludeFiles.c.o   -c /home/yo/packaging/dolphin/dolphin-5.0/build/CMakeFiles/CMakeTmp/CheckIncludeFiles.c
/home/yo/packaging/dolphin/dolphin-5.0/build/CMakeFiles/CMakeTmp/CheckIncludeFiles.c:2:10: fatal error: SLES/OpenSLES.h: No such file or directory
 #include <SLES/OpenSLES.h>
          ^~~~~~~~~~~~~~~~~
compilation terminated.
CMakeFiles/cmTC_75749.dir/build.make:65: recipe for target 'CMakeFiles/cmTC_75749.dir/CheckIncludeFiles.c.o' failed
make[1]: *** [CMakeFiles/cmTC_75749.dir/CheckIncludeFiles.c.o] Error 1
make[1]: Leaving directory '/home/yo/packaging/dolphin/dolphin-5.0/build/CMakeFiles/CMakeTmp'
Makefile:126: recipe for target 'cmTC_75749/fast' failed
make: *** [cmTC_75749/fast] Error 2

Source:
/* */
#include <SLES/OpenSLES.h>


int main(void){return 0;}

Determining if files android/log.h exist failed with the following output:
Change Dir: /home/yo/packaging/dolphin/dolphin-5.0/build/CMakeFiles/CMakeTmp

Run Build Command:"/usr/bin/make" "cmTC_67686/fast"
/usr/bin/make -f CMakeFiles/cmTC_67686.dir/build.make CMakeFiles/cmTC_67686.dir/build
make[1]: Entering directory '/home/yo/packaging/dolphin/dolphin-5.0/build/CMakeFiles/CMakeTmp'
Building C object CMakeFiles/cmTC_67686.dir/CheckIncludeFiles.c.o
/usr/bin/cc   -Wall -Wextra -Wno-unused-parameter    -o CMakeFiles/cmTC_67686.dir/CheckIncludeFiles.c.o   -c /home/yo/packaging/dolphin/dolphin-5.0/build/CMakeFiles/CMakeTmp/CheckIncludeFiles.c
/home/yo/packaging/dolphin/dolphin-5.0/build/CMakeFiles/CMakeTmp/CheckIncludeFiles.c:2:10: fatal error: android/log.h: No such file or directory
 #include <android/log.h>
          ^~~~~~~~~~~~~~~
compilation terminated.
CMakeFiles/cmTC_67686.dir/build.make:65: recipe for target 'CMakeFiles/cmTC_67686.dir/CheckIncludeFiles.c.o' failed
make[1]: *** [CMakeFiles/cmTC_67686.dir/CheckIncludeFiles.c.o] Error 1
make[1]: Leaving directory '/home/yo/packaging/dolphin/dolphin-5.0/build/CMakeFiles/CMakeTmp'
Makefile:126: recipe for target 'cmTC_67686/fast' failed
make: *** [cmTC_67686/fast] Error 2

Source:
/* */
#include <android/log.h>


int main(void){return 0;}

Determining if files kai.h exist failed with the following output:
Change Dir: /home/yo/packaging/dolphin/dolphin-5.0/build/CMakeFiles/CMakeTmp

Run Build Command:"/usr/bin/make" "cmTC_dcc25/fast"
/usr/bin/make -f CMakeFiles/cmTC_dcc25.dir/build.make CMakeFiles/cmTC_dcc25.dir/build
make[1]: Entering directory '/home/yo/packaging/dolphin/dolphin-5.0/build/CMakeFiles/CMakeTmp'
Building C object CMakeFiles/cmTC_dcc25.dir/CheckIncludeFiles.c.o
/usr/bin/cc   -Wall -Wextra -Wno-unused-parameter    -o CMakeFiles/cmTC_dcc25.dir/CheckIncludeFiles.c.o   -c /home/yo/packaging/dolphin/dolphin-5.0/build/CMakeFiles/CMakeTmp/CheckIncludeFiles.c
/home/yo/packaging/dolphin/dolphin-5.0/build/CMakeFiles/CMakeTmp/CheckIncludeFiles.c:2:10: fatal error: kai.h: No such file or directory
 #include <kai.h>
          ^~~~~~~
compilation terminated.
CMakeFiles/cmTC_dcc25.dir/build.make:65: recipe for target 'CMakeFiles/cmTC_dcc25.dir/CheckIncludeFiles.c.o' failed
make[1]: *** [CMakeFiles/cmTC_dcc25.dir/CheckIncludeFiles.c.o] Error 1
make[1]: Leaving directory '/home/yo/packaging/dolphin/dolphin-5.0/build/CMakeFiles/CMakeTmp'
Makefile:126: recipe for target 'cmTC_dcc25/fast' failed
make: *** [cmTC_dcc25/fast] Error 2

Source:
/* */
#include <kai.h>


int main(void){return 0;}

